Build started 26.05.2011 15:01:20.
     1>Project "C:\Users\flosmn\Dropbox\Studienarbeit\meshlab-sources\meshlab\src\meshlabplugins\filter_meshprt\MeshLabPRT\MeshLabPRT\MeshLabPRT.vcxproj" on node 2 (build target(s)).
     1>InitializeBuildStatus:
         Creating "Debug\MeshLabPRT.unsuccessfulbuild" because "AlwaysCreate" was specified.
       ClCompile:
         C:\Program Files (x86)\Microsoft Visual Studio 10.0\VC\bin\CL.exe /c /ZI /nologo /W3 /WX- /Od /Oy- /D _MBCS /Gm /EHsc /RTC1 /MDd /GS /fp:precise /Zc:wchar_t /Zc:forScope /Fo"Debug\\" /Fd"Debug\vc100.pdb" /Gd /TP /analyze- /errorReport:prompt ..\..\DiffuseDemo.cpp
         DiffuseDemo.cpp
     1>c:\users\flosmn\dropbox\studienarbeit\meshlab-sources\meshlab\src\meshlabplugins\filter_meshprt\diffusedemo.cpp(64): warning C4800: 'int' : forcing value to bool 'true' or 'false' (performance warning)
     1>c:\users\flosmn\dropbox\studienarbeit\meshlab-sources\meshlab\src\meshlabplugins\filter_meshprt\diffusedemo.cpp(216): warning C4996: 'sprintf': This function or variable may be unsafe. Consider using sprintf_s instead. To disable deprecation, use _CRT_SECURE_NO_WARNINGS. See online help for details.
                 c:\program files (x86)\microsoft visual studio 10.0\vc\include\stdio.h(371) : see declaration of 'sprintf'
     1>c:\users\flosmn\dropbox\studienarbeit\meshlab-sources\meshlab\src\meshlabplugins\filter_meshprt\diffusedemo.cpp(219): warning C4996: 'sprintf': This function or variable may be unsafe. Consider using sprintf_s instead. To disable deprecation, use _CRT_SECURE_NO_WARNINGS. See online help for details.
                 c:\program files (x86)\microsoft visual studio 10.0\vc\include\stdio.h(371) : see declaration of 'sprintf'
     1>c:\users\flosmn\dropbox\studienarbeit\meshlab-sources\meshlab\src\meshlabplugins\filter_meshprt\diffusedemo.cpp(241): warning C4700: uninitialized local variable 'w_error' used
       Link:
         C:\Program Files (x86)\Microsoft Visual Studio 10.0\VC\bin\link.exe /ERRORREPORT:PROMPT /OUT:"C:\Users\flosmn\Dropbox\Studienarbeit\meshlab-sources\meshlab\src\meshlabplugins\filter_meshprt\MeshLabPRT\Debug\MeshLabPRT.exe" /NOLOGO kernel32.lib user32.lib gdi32.lib winspool.lib comdlg32.lib advapi32.lib shell32.lib ole32.lib oleaut32.lib uuid.lib odbc32.lib odbccp32.lib /MANIFEST /ManifestFile:"Debug\MeshLabPRT.exe.intermediate.manifest" /MANIFESTUAC:"level='asInvoker' uiAccess='false'" /DEBUG /PDB:"C:\Users\flosmn\Dropbox\Studienarbeit\meshlab-sources\meshlab\src\meshlabplugins\filter_meshprt\MeshLabPRT\Debug\MeshLabPRT.pdb" /TLBID:1 /DYNAMICBASE /NXCOMPAT /IMPLIB:"C:\Users\flosmn\Dropbox\Studienarbeit\meshlab-sources\meshlab\src\meshlabplugins\filter_meshprt\MeshLabPRT\Debug\MeshLabPRT.lib" /MACHINE:X86 Debug\Camera.obj
         Debug\d3dApp.obj
         Debug\d3dUtil.obj
         Debug\DiffuseDemo.obj
         Debug\DirectInput.obj
         Debug\GfxStats.obj
         Debug\Light.obj
         Debug\Mesh.obj
         Debug\PRTEngine.obj
         Debug\Window.obj
         LINK : C:\Users\flosmn\Dropbox\Studienarbeit\meshlab-sources\meshlab\src\meshlabplugins\filter_meshprt\MeshLabPRT\Debug\MeshLabPRT.exe not found or not built by the last incremental link; performing full link
         MeshLabPRT.vcxproj -> C:\Users\flosmn\Dropbox\Studienarbeit\meshlab-sources\meshlab\src\meshlabplugins\filter_meshprt\MeshLabPRT\Debug\MeshLabPRT.exe
       Manifest:
         C:\Program Files (x86)\Microsoft SDKs\Windows\v7.0A\bin\mt.exe /nologo /verbose /outputresource:"C:\Users\flosmn\Dropbox\Studienarbeit\meshlab-sources\meshlab\src\meshlabplugins\filter_meshprt\MeshLabPRT\Debug\MeshLabPRT.exe;#1" /manifest Debug\MeshLabPRT.exe.intermediate.manifest
       FinalizeBuildStatus:
         Deleting file "Debug\MeshLabPRT.unsuccessfulbuild".
         Touching "Debug\MeshLabPRT.lastbuildstate".
     1>Done Building Project "C:\Users\flosmn\Dropbox\Studienarbeit\meshlab-sources\meshlab\src\meshlabplugins\filter_meshprt\MeshLabPRT\MeshLabPRT\MeshLabPRT.vcxproj" (build target(s)).

Build succeeded.

Time Elapsed 00:00:02.16
